[01:04:46] [Server thread/INFO]: Starting minecraft server version 1.14.4
[01:04:46] [Server thread/INFO]: Loading properties
[01:04:46] [Server thread/INFO]: This server is running CraftBukkit version git-Spigot-94af569-a3fdef8 (MC: 1.14.4) (Implementing API version 1.14.4-R0.1-SNAPSHOT)
[01:04:46] [Server thread/INFO]: Debug logging is disabled
[01:04:46] [Server thread/INFO]: Server Ping Player Sample Count: 12
[01:04:46] [Server thread/INFO]: Using 4 threads for Netty based IO
[01:04:46] [Server thread/INFO]: Default game type: SURVIVAL
[01:04:46] [Server thread/INFO]: Generating keypair
[01:04:47] [Server thread/INFO]: Starting Minecraft server on 127.0.0.1:25565
[01:04:47] [Server thread/INFO]: Using default channel type
[01:04:53] [Server thread/INFO]: [mcMMO] Loading mcMMO v2.1.108
[01:04:53] [Server thread/INFO]: [Tokens] Loading Tokens v1.0
[01:04:53] [Server thread/INFO]: Preparing level "world"
[01:04:53] [Server thread/INFO]: Reloading ResourceManager: Default, bukkit
[01:04:54] [Server thread/INFO]: Loaded 6 recipes
[01:04:55] [Server thread/INFO]: -------- World Settings For [world] --------
[01:04:55] [Server thread/INFO]: Allow Zombie Pigmen to spawn from portal blocks: true
[01:04:55] [Server thread/INFO]: View Distance: 10
[01:04:55] [Server thread/INFO]: Nerfing mobs spawned from spawners: false
[01:04:55] [Server thread/INFO]: Zombie Aggressive Towards Villager: true
[01:04:55] [Server thread/INFO]: Experience Merge Radius: 3.0
[01:04:55] [Server thread/INFO]: Mob Spawn Range: 6
[01:04:55] [Server thread/INFO]: Cactus Growth Modifier: 100%
[01:04:55] [Server thread/INFO]: Cane Growth Modifier: 100%
[01:04:55] [Server thread/INFO]: Melon Growth Modifier: 100%
[01:04:55] [Server thread/INFO]: Mushroom Growth Modifier: 100%
[01:04:55] [Server thread/INFO]: Pumpkin Growth Modifier: 100%
[01:04:55] [Server thread/INFO]: Sapling Growth Modifier: 100%
[01:04:55] [Server thread/INFO]: Beetroot Growth Modifier: 100%
[01:04:55] [Server thread/INFO]: Carrot Growth Modifier: 100%
[01:04:55] [Server thread/INFO]: Potato Growth Modifier: 100%
[01:04:55] [Server thread/INFO]: Wheat Growth Modifier: 100%
[01:04:55] [Server thread/INFO]: NetherWart Growth Modifier: 100%
[01:04:55] [Server thread/INFO]: Vine Growth Modifier: 100%
[01:04:55] [Server thread/INFO]: Cocoa Growth Modifier: 100%
[01:04:55] [Server thread/INFO]: Bamboo Growth Modifier: 100%
[01:04:55] [Server thread/INFO]: SweetBerry Growth Modifier: 100%
[01:04:55] [Server thread/INFO]: Kelp Growth Modifier: 100%
[01:04:55] [Server thread/INFO]: Entity Activation Range: An 32 / Mo 32 / Ra 48 / Mi 16 / Tiv true
[01:04:55] [Server thread/INFO]: Entity Tracking Range: Pl 48 / An 48 / Mo 48 / Mi 32 / Other 64
[01:04:55] [Server thread/INFO]: Tile Max Tick Time: 50ms Entity max Tick Time: 50ms
[01:04:55] [Server thread/INFO]: Hopper Transfer: 8 Hopper Check: 1 Hopper Amount: 1
[01:04:55] [Server thread/INFO]: Max TNT Explosions: 100
[01:04:55] [Server thread/INFO]: Custom Map Seeds:  Village: 10387312 Desert: 14357617 Igloo: 14357618 Jungle: 14357619 Swamp: 14357620 Monument: 10387313Ocean: 14357621 Shipwreck: 165745295 Slime: 987234911
[01:04:55] [Server thread/INFO]: Item Merge Radius: 2.5
[01:04:55] [Server thread/INFO]: Item Despawn Rate: 6000
[01:04:55] [Server thread/INFO]: Arrow Despawn Rate: 1200
[01:04:56] [Server thread/INFO]: -------- World Settings For [world_nether] --------
[01:04:56] [Server thread/INFO]: Allow Zombie Pigmen to spawn from portal blocks: true
[01:04:56] [Server thread/INFO]: View Distance: 10
[01:04:56] [Server thread/INFO]: Nerfing mobs spawned from spawners: false
[01:04:56] [Server thread/INFO]: Zombie Aggressive Towards Villager: true
[01:04:56] [Server thread/INFO]: Experience Merge Radius: 3.0
[01:04:56] [Server thread/INFO]: Mob Spawn Range: 6
[01:04:56] [Server thread/INFO]: Cactus Growth Modifier: 100%
[01:04:56] [Server thread/INFO]: Cane Growth Modifier: 100%
[01:04:56] [Server thread/INFO]: Melon Growth Modifier: 100%
[01:04:56] [Server thread/INFO]: Mushroom Growth Modifier: 100%
[01:04:56] [Server thread/INFO]: Pumpkin Growth Modifier: 100%
[01:04:56] [Server thread/INFO]: Sapling Growth Modifier: 100%
[01:04:56] [Server thread/INFO]: Beetroot Growth Modifier: 100%
[01:04:56] [Server thread/INFO]: Carrot Growth Modifier: 100%
[01:04:56] [Server thread/INFO]: Potato Growth Modifier: 100%
[01:04:56] [Server thread/INFO]: Wheat Growth Modifier: 100%
[01:04:56] [Server thread/INFO]: NetherWart Growth Modifier: 100%
[01:04:56] [Server thread/INFO]: Vine Growth Modifier: 100%
[01:04:56] [Server thread/INFO]: Cocoa Growth Modifier: 100%
[01:04:56] [Server thread/INFO]: Bamboo Growth Modifier: 100%
[01:04:56] [Server thread/INFO]: SweetBerry Growth Modifier: 100%
[01:04:56] [Server thread/INFO]: Kelp Growth Modifier: 100%
[01:04:56] [Server thread/INFO]: Entity Activation Range: An 32 / Mo 32 / Ra 48 / Mi 16 / Tiv true
[01:04:56] [Server thread/INFO]: Entity Tracking Range: Pl 48 / An 48 / Mo 48 / Mi 32 / Other 64
[01:04:56] [Server thread/INFO]: Tile Max Tick Time: 50ms Entity max Tick Time: 50ms
[01:04:56] [Server thread/INFO]: Hopper Transfer: 8 Hopper Check: 1 Hopper Amount: 1
[01:04:56] [Server thread/INFO]: Max TNT Explosions: 100
[01:04:56] [Server thread/INFO]: Custom Map Seeds:  Village: 10387312 Desert: 14357617 Igloo: 14357618 Jungle: 14357619 Swamp: 14357620 Monument: 10387313Ocean: 14357621 Shipwreck: 165745295 Slime: 987234911
[01:04:56] [Server thread/INFO]: Item Merge Radius: 2.5
[01:04:56] [Server thread/INFO]: Item Despawn Rate: 6000
[01:04:56] [Server thread/INFO]: Arrow Despawn Rate: 1200
[01:04:56] [Server thread/INFO]: -------- World Settings For [world_the_end] --------
[01:04:56] [Server thread/INFO]: Allow Zombie Pigmen to spawn from portal blocks: true
[01:04:56] [Server thread/INFO]: View Distance: 10
[01:04:56] [Server thread/INFO]: Nerfing mobs spawned from spawners: false
[01:04:56] [Server thread/INFO]: Zombie Aggressive Towards Villager: true
[01:04:56] [Server thread/INFO]: Experience Merge Radius: 3.0
[01:04:56] [Server thread/INFO]: Mob Spawn Range: 6
[01:04:56] [Server thread/INFO]: Cactus Growth Modifier: 100%
[01:04:56] [Server thread/INFO]: Cane Growth Modifier: 100%
[01:04:56] [Server thread/INFO]: Melon Growth Modifier: 100%
[01:04:56] [Server thread/INFO]: Mushroom Growth Modifier: 100%
[01:04:56] [Server thread/INFO]: Pumpkin Growth Modifier: 100%
[01:04:56] [Server thread/INFO]: Sapling Growth Modifier: 100%
[01:04:56] [Server thread/INFO]: Beetroot Growth Modifier: 100%
[01:04:56] [Server thread/INFO]: Carrot Growth Modifier: 100%
[01:04:56] [Server thread/INFO]: Potato Growth Modifier: 100%
[01:04:56] [Server thread/INFO]: Wheat Growth Modifier: 100%
[01:04:56] [Server thread/INFO]: NetherWart Growth Modifier: 100%
[01:04:56] [Server thread/INFO]: Vine Growth Modifier: 100%
[01:04:56] [Server thread/INFO]: Cocoa Growth Modifier: 100%
[01:04:56] [Server thread/INFO]: Bamboo Growth Modifier: 100%
[01:04:56] [Server thread/INFO]: SweetBerry Growth Modifier: 100%
[01:04:56] [Server thread/INFO]: Kelp Growth Modifier: 100%
[01:04:56] [Server thread/INFO]: Entity Activation Range: An 32 / Mo 32 / Ra 48 / Mi 16 / Tiv true
[01:04:56] [Server thread/INFO]: Entity Tracking Range: Pl 48 / An 48 / Mo 48 / Mi 32 / Other 64
[01:04:56] [Server thread/INFO]: Tile Max Tick Time: 50ms Entity max Tick Time: 50ms
[01:04:56] [Server thread/INFO]: Hopper Transfer: 8 Hopper Check: 1 Hopper Amount: 1
[01:04:56] [Server thread/INFO]: Max TNT Explosions: 100
[01:04:56] [Server thread/INFO]: Custom Map Seeds:  Village: 10387312 Desert: 14357617 Igloo: 14357618 Jungle: 14357619 Swamp: 14357620 Monument: 10387313Ocean: 14357621 Shipwreck: 165745295 Slime: 987234911
[01:04:56] [Server thread/INFO]: Item Merge Radius: 2.5
[01:04:56] [Server thread/INFO]: Item Despawn Rate: 6000
[01:04:56] [Server thread/INFO]: Arrow Despawn Rate: 1200
[01:04:56] [Server thread/INFO]: Preparing start region for dimension 'world'/minecraft:overworld
[01:04:57] [Server thread/INFO]: Preparing spawn area: 0%
[01:04:57] [Server thread/INFO]: Preparing spawn area: 0%
[01:04:57] [Server thread/INFO]: Preparing spawn area: 0%
[01:04:57] [Server thread/INFO]: Preparing spawn area: 0%
[01:05:00] [Server-Worker-7/INFO]: Preparing spawn area: 83%
[01:05:00] [Server-Worker-3/INFO]: Preparing spawn area: 83%
[01:05:00] [Server-Worker-3/INFO]: Preparing spawn area: 83%
[01:05:00] [Server-Worker-3/INFO]: Preparing spawn area: 83%
[01:05:00] [Server-Worker-3/INFO]: Preparing spawn area: 83%
[01:05:00] [Server-Worker-5/INFO]: Preparing spawn area: 83%
[01:05:01] [Server-Worker-5/INFO]: Preparing spawn area: 92%
[01:05:01] [Server-Worker-4/INFO]: Preparing spawn area: 92%
[01:05:02] [Server-Worker-1/INFO]: Preparing spawn area: 93%
[01:05:02] [Server thread/INFO]: Time elapsed: 6481 ms
[01:05:02] [Server thread/INFO]: Preparing start region for dimension 'world_nether'/minecraft:the_nether
[01:05:03] [Server thread/INFO]: Preparing spawn area: 0%
[01:05:03] [Server thread/INFO]: Preparing spawn area: 0%
[01:05:03] [Server-Worker-5/INFO]: Preparing spawn area: 83%
[01:05:04] [Server-Worker-1/INFO]: Preparing spawn area: 83%
[01:05:04] [Server-Worker-6/INFO]: Preparing spawn area: 86%
[01:05:05] [Server-Worker-7/INFO]: Preparing spawn area: 95%
[01:05:05] [Server thread/INFO]: Time elapsed: 2729 ms
[01:05:05] [Server thread/INFO]: Preparing start region for dimension 'world_the_end'/minecraft:the_end
[01:05:05] [Server thread/INFO]: Preparing spawn area: 0%
[01:05:06] [Server-Worker-1/INFO]: Preparing spawn area: 83%
[01:05:06] [Server thread/INFO]: Time elapsed: 974 ms
[01:05:06] [Server thread/INFO]: [mcMMO] Enabling mcMMO v2.1.108
[01:05:08] [Server thread/INFO]: [mcMMO] enabling Acrobatics Skills
[01:05:08] [Server thread/INFO]: [mcMMO] registered subskill: Roll
[01:05:08] [Server thread/INFO]: [mcMMO] 0 entries in mcMMO World Blacklist
[01:05:08] [Server thread/INFO]: [Tokens] Enabling Tokens v1.0
[01:05:08] [Server thread/INFO]: Storage type is sqllite
[01:05:08] [Server thread/INFO]: Enabling commands
[01:05:08] [Server thread/INFO]: Server permissions file permissions.yml is empty, ignoring it
[01:05:08] [Server thread/INFO]: Done (14.946s)! For help, type "help"
[01:05:29] [User Authenticator #1/INFO]: UUID of player PapaL0ngDong is 19d76b37-6a15-432c-b8f6-780066b184ce
[01:05:29] [Server thread/INFO]: Welcome to the server PapaL0ngDong!
[01:05:29] [Server thread/INFO]: PapaL0ngDong[/127.0.0.1:59464] logged in with entity id 208 at ([world]-16.996520065309106, 92.0, -19.0456702342399)
[01:05:36] [Server thread/INFO]: PapaL0ngDong issued server command: /tokens
[01:05:36] [Server thread/INFO]: Console used the /tokens command!
[01:05:42] [Server thread/INFO]: PapaL0ngDong issued server command: /tokens
[01:05:42] [Server thread/INFO]: Console used the /tokens command!
[01:05:47] [Server thread/INFO]: PapaL0ngDong lost connection: Disconnected
[01:05:47] [Server thread/INFO]: PapaL0ngDong left the game
