[01:51:31] [Server thread/INFO]: Starting minecraft server version 1.14.4
[01:51:31] [Server thread/INFO]: Loading properties
[01:51:31] [Server thread/INFO]: This server is running CraftBukkit version git-Spigot-94af569-a3fdef8 (MC: 1.14.4) (Implementing API version 1.14.4-R0.1-SNAPSHOT)
[01:51:31] [Server thread/INFO]: Debug logging is disabled
[01:51:31] [Server thread/INFO]: Server Ping Player Sample Count: 12
[01:51:31] [Server thread/INFO]: Using 4 threads for Netty based IO
[01:51:31] [Server thread/INFO]: Default game type: SURVIVAL
[01:51:31] [Server thread/INFO]: Generating keypair
[01:51:32] [Server thread/INFO]: Starting Minecraft server on 127.0.0.1:25565
[01:51:32] [Server thread/INFO]: Using default channel type
[01:51:38] [Server thread/INFO]: [mcMMO] Loading mcMMO v2.1.108
[01:51:38] [Server thread/INFO]: [Tokens] Loading Tokens v1.0
[01:51:38] [Server thread/INFO]: Preparing level "world"
[01:51:38] [Server thread/INFO]: Reloading ResourceManager: Default, bukkit
[01:51:39] [Server thread/INFO]: Loaded 6 recipes
[01:51:40] [Server thread/INFO]: -------- World Settings For [world] --------
[01:51:40] [Server thread/INFO]: Zombie Aggressive Towards Villager: true
[01:51:40] [Server thread/INFO]: View Distance: 10
[01:51:40] [Server thread/INFO]: Arrow Despawn Rate: 1200
[01:51:40] [Server thread/INFO]: Nerfing mobs spawned from spawners: false
[01:51:40] [Server thread/INFO]: Allow Zombie Pigmen to spawn from portal blocks: true
[01:51:40] [Server thread/INFO]: Custom Map Seeds:  Village: 10387312 Desert: 14357617 Igloo: 14357618 Jungle: 14357619 Swamp: 14357620 Monument: 10387313Ocean: 14357621 Shipwreck: 165745295 Slime: 987234911
[01:51:40] [Server thread/INFO]: Cactus Growth Modifier: 100%
[01:51:40] [Server thread/INFO]: Cane Growth Modifier: 100%
[01:51:40] [Server thread/INFO]: Melon Growth Modifier: 100%
[01:51:40] [Server thread/INFO]: Mushroom Growth Modifier: 100%
[01:51:40] [Server thread/INFO]: Pumpkin Growth Modifier: 100%
[01:51:40] [Server thread/INFO]: Sapling Growth Modifier: 100%
[01:51:40] [Server thread/INFO]: Beetroot Growth Modifier: 100%
[01:51:40] [Server thread/INFO]: Carrot Growth Modifier: 100%
[01:51:40] [Server thread/INFO]: Potato Growth Modifier: 100%
[01:51:40] [Server thread/INFO]: Wheat Growth Modifier: 100%
[01:51:40] [Server thread/INFO]: NetherWart Growth Modifier: 100%
[01:51:40] [Server thread/INFO]: Vine Growth Modifier: 100%
[01:51:40] [Server thread/INFO]: Cocoa Growth Modifier: 100%
[01:51:40] [Server thread/INFO]: Bamboo Growth Modifier: 100%
[01:51:40] [Server thread/INFO]: SweetBerry Growth Modifier: 100%
[01:51:40] [Server thread/INFO]: Kelp Growth Modifier: 100%
[01:51:40] [Server thread/INFO]: Experience Merge Radius: 3.0
[01:51:40] [Server thread/INFO]: Mob Spawn Range: 6
[01:51:40] [Server thread/INFO]: Entity Activation Range: An 32 / Mo 32 / Ra 48 / Mi 16 / Tiv true
[01:51:40] [Server thread/INFO]: Hopper Transfer: 8 Hopper Check: 1 Hopper Amount: 1
[01:51:40] [Server thread/INFO]: Max TNT Explosions: 100
[01:51:40] [Server thread/INFO]: Entity Tracking Range: Pl 48 / An 48 / Mo 48 / Mi 32 / Other 64
[01:51:40] [Server thread/INFO]: Tile Max Tick Time: 50ms Entity max Tick Time: 50ms
[01:51:40] [Server thread/INFO]: Item Merge Radius: 2.5
[01:51:40] [Server thread/INFO]: Item Despawn Rate: 6000
[01:51:41] [Server thread/INFO]: -------- World Settings For [world_nether] --------
[01:51:41] [Server thread/INFO]: Zombie Aggressive Towards Villager: true
[01:51:41] [Server thread/INFO]: View Distance: 10
[01:51:41] [Server thread/INFO]: Arrow Despawn Rate: 1200
[01:51:41] [Server thread/INFO]: Nerfing mobs spawned from spawners: false
[01:51:41] [Server thread/INFO]: Allow Zombie Pigmen to spawn from portal blocks: true
[01:51:41] [Server thread/INFO]: Custom Map Seeds:  Village: 10387312 Desert: 14357617 Igloo: 14357618 Jungle: 14357619 Swamp: 14357620 Monument: 10387313Ocean: 14357621 Shipwreck: 165745295 Slime: 987234911
[01:51:41] [Server thread/INFO]: Cactus Growth Modifier: 100%
[01:51:41] [Server thread/INFO]: Cane Growth Modifier: 100%
[01:51:41] [Server thread/INFO]: Melon Growth Modifier: 100%
[01:51:41] [Server thread/INFO]: Mushroom Growth Modifier: 100%
[01:51:41] [Server thread/INFO]: Pumpkin Growth Modifier: 100%
[01:51:41] [Server thread/INFO]: Sapling Growth Modifier: 100%
[01:51:41] [Server thread/INFO]: Beetroot Growth Modifier: 100%
[01:51:41] [Server thread/INFO]: Carrot Growth Modifier: 100%
[01:51:41] [Server thread/INFO]: Potato Growth Modifier: 100%
[01:51:41] [Server thread/INFO]: Wheat Growth Modifier: 100%
[01:51:41] [Server thread/INFO]: NetherWart Growth Modifier: 100%
[01:51:41] [Server thread/INFO]: Vine Growth Modifier: 100%
[01:51:41] [Server thread/INFO]: Cocoa Growth Modifier: 100%
[01:51:41] [Server thread/INFO]: Bamboo Growth Modifier: 100%
[01:51:41] [Server thread/INFO]: SweetBerry Growth Modifier: 100%
[01:51:41] [Server thread/INFO]: Kelp Growth Modifier: 100%
[01:51:41] [Server thread/INFO]: Experience Merge Radius: 3.0
[01:51:41] [Server thread/INFO]: Mob Spawn Range: 6
[01:51:41] [Server thread/INFO]: Entity Activation Range: An 32 / Mo 32 / Ra 48 / Mi 16 / Tiv true
[01:51:41] [Server thread/INFO]: Hopper Transfer: 8 Hopper Check: 1 Hopper Amount: 1
[01:51:41] [Server thread/INFO]: Max TNT Explosions: 100
[01:51:41] [Server thread/INFO]: Entity Tracking Range: Pl 48 / An 48 / Mo 48 / Mi 32 / Other 64
[01:51:41] [Server thread/INFO]: Tile Max Tick Time: 50ms Entity max Tick Time: 50ms
[01:51:41] [Server thread/INFO]: Item Merge Radius: 2.5
[01:51:41] [Server thread/INFO]: Item Despawn Rate: 6000
[01:51:41] [Server thread/INFO]: -------- World Settings For [world_the_end] --------
[01:51:41] [Server thread/INFO]: Zombie Aggressive Towards Villager: true
[01:51:41] [Server thread/INFO]: View Distance: 10
[01:51:41] [Server thread/INFO]: Arrow Despawn Rate: 1200
[01:51:41] [Server thread/INFO]: Nerfing mobs spawned from spawners: false
[01:51:41] [Server thread/INFO]: Allow Zombie Pigmen to spawn from portal blocks: true
[01:51:41] [Server thread/INFO]: Custom Map Seeds:  Village: 10387312 Desert: 14357617 Igloo: 14357618 Jungle: 14357619 Swamp: 14357620 Monument: 10387313Ocean: 14357621 Shipwreck: 165745295 Slime: 987234911
[01:51:41] [Server thread/INFO]: Cactus Growth Modifier: 100%
[01:51:41] [Server thread/INFO]: Cane Growth Modifier: 100%
[01:51:41] [Server thread/INFO]: Melon Growth Modifier: 100%
[01:51:41] [Server thread/INFO]: Mushroom Growth Modifier: 100%
[01:51:41] [Server thread/INFO]: Pumpkin Growth Modifier: 100%
[01:51:41] [Server thread/INFO]: Sapling Growth Modifier: 100%
[01:51:41] [Server thread/INFO]: Beetroot Growth Modifier: 100%
[01:51:41] [Server thread/INFO]: Carrot Growth Modifier: 100%
[01:51:41] [Server thread/INFO]: Potato Growth Modifier: 100%
[01:51:41] [Server thread/INFO]: Wheat Growth Modifier: 100%
[01:51:41] [Server thread/INFO]: NetherWart Growth Modifier: 100%
[01:51:41] [Server thread/INFO]: Vine Growth Modifier: 100%
[01:51:41] [Server thread/INFO]: Cocoa Growth Modifier: 100%
[01:51:41] [Server thread/INFO]: Bamboo Growth Modifier: 100%
[01:51:41] [Server thread/INFO]: SweetBerry Growth Modifier: 100%
[01:51:41] [Server thread/INFO]: Kelp Growth Modifier: 100%
[01:51:41] [Server thread/INFO]: Experience Merge Radius: 3.0
[01:51:41] [Server thread/INFO]: Mob Spawn Range: 6
[01:51:41] [Server thread/INFO]: Entity Activation Range: An 32 / Mo 32 / Ra 48 / Mi 16 / Tiv true
[01:51:41] [Server thread/INFO]: Hopper Transfer: 8 Hopper Check: 1 Hopper Amount: 1
[01:51:41] [Server thread/INFO]: Max TNT Explosions: 100
[01:51:41] [Server thread/INFO]: Entity Tracking Range: Pl 48 / An 48 / Mo 48 / Mi 32 / Other 64
[01:51:41] [Server thread/INFO]: Tile Max Tick Time: 50ms Entity max Tick Time: 50ms
[01:51:41] [Server thread/INFO]: Item Merge Radius: 2.5
[01:51:41] [Server thread/INFO]: Item Despawn Rate: 6000
[01:51:41] [Server thread/INFO]: Preparing start region for dimension 'world'/minecraft:overworld
[01:51:42] [Server thread/INFO]: Preparing spawn area: 0%
[01:51:42] [Server thread/INFO]: Preparing spawn area: 0%
[01:51:42] [Server thread/INFO]: Preparing spawn area: 0%
[01:51:43] [Server thread/INFO]: Preparing spawn area: 20%
[01:51:45] [Server-Worker-2/INFO]: Preparing spawn area: 83%
[01:51:45] [Server-Worker-4/INFO]: Preparing spawn area: 83%
[01:51:45] [Server-Worker-1/INFO]: Preparing spawn area: 83%
[01:51:45] [Server-Worker-1/INFO]: Preparing spawn area: 83%
[01:51:45] [Server-Worker-1/INFO]: Preparing spawn area: 83%
[01:51:45] [Server-Worker-4/INFO]: Preparing spawn area: 95%
[01:51:46] [Server-Worker-4/INFO]: Preparing spawn area: 95%
[01:51:46] [Server-Worker-6/INFO]: Preparing spawn area: 95%
[01:51:47] [Server thread/INFO]: Preparing spawn area: 99%
[01:51:47] [Server thread/INFO]: Time elapsed: 6015 ms
[01:51:47] [Server thread/INFO]: Preparing start region for dimension 'world_nether'/minecraft:the_nether
[01:51:48] [Server thread/INFO]: Preparing spawn area: 0%
[01:51:48] [Server thread/INFO]: Preparing spawn area: 0%
[01:51:48] [Server-Worker-4/INFO]: Preparing spawn area: 83%
[01:51:48] [Server-Worker-2/INFO]: Preparing spawn area: 83%
[01:51:49] [Server-Worker-3/INFO]: Preparing spawn area: 83%
[01:51:49] [Server-Worker-3/INFO]: Preparing spawn area: 92%
[01:51:50] [Server thread/INFO]: Time elapsed: 2815 ms
[01:51:50] [Server thread/INFO]: Preparing start region for dimension 'world_the_end'/minecraft:the_end
[01:51:50] [Server thread/INFO]: Preparing spawn area: 0%
[01:51:50] [Server-Worker-3/INFO]: Preparing spawn area: 83%
[01:51:51] [Server thread/INFO]: Time elapsed: 926 ms
[01:51:51] [Server thread/INFO]: [mcMMO] Enabling mcMMO v2.1.108
[01:51:52] [Server thread/INFO]: [mcMMO] enabling Acrobatics Skills
[01:51:52] [Server thread/INFO]: [mcMMO] registered subskill: Roll
[01:51:53] [Server thread/INFO]: [mcMMO] 0 entries in mcMMO World Blacklist
[01:51:53] [Server thread/INFO]: [Tokens] Enabling Tokens v1.0
[01:51:53] [Server thread/INFO]: Storage type is sqllite
[01:51:53] [Server thread/INFO]: Enabling commands
[01:51:53] [Server thread/INFO]: Server permissions file permissions.yml is empty, ignoring it
[01:51:53] [Server thread/INFO]: Done (14.687s)! For help, type "help"
[01:53:54] [User Authenticator #1/INFO]: UUID of player PapaL0ngDong is 19d76b37-6a15-432c-b8f6-780066b184ce
[01:53:55] [Server thread/INFO]: Welcome to the server PapaL0ngDong!
[01:53:55] [Server thread/INFO]: [Tokens] Got it from database!
[01:53:55] [Server thread/INFO]: PapaL0ngDong[/127.0.0.1:62873] logged in with entity id 239 at ([world]-12.022305253066529, 92.0, -18.631696558301392)
[01:54:01] [Server thread/INFO]: PapaL0ngDong issued server command: /tokens
[01:54:01] [Server thread/INFO]: [Tokens] Got it from database!
[01:54:05] [Server thread/INFO]: PapaL0ngDong issued server command: /tokens set PapaL0ngDong
[01:54:05] [Server thread/INFO]: fucking hell
[01:54:10] [Server thread/INFO]: PapaL0ngDong issued server command: /tokens set
[01:54:10] [Server thread/INFO]: fucking hell
[01:54:13] [Server thread/INFO]: PapaL0ngDong issued server command: /tokens
[01:54:13] [Server thread/INFO]: [Tokens] Got it from database!
[01:54:17] [Server thread/INFO]: PapaL0ngDong issued server command: /tokens set
[01:54:17] [Server thread/INFO]: fucking hell
[01:54:21] [Server thread/INFO]: PapaL0ngDong issued server command: /tokens set PapaL0ngDong
[01:54:21] [Server thread/INFO]: fucking hell
[01:54:23] [Server thread/INFO]: PapaL0ngDong lost connection: Disconnected
[01:54:23] [Server thread/INFO]: [Tokens] Got it from database!
[01:54:23] [Server thread/INFO]: PapaL0ngDong left the game
