[15:09:47] [Server thread/INFO]: Starting minecraft server version 1.14.4
[15:09:47] [Server thread/INFO]: Loading properties
[15:09:48] [Server thread/INFO]: This server is running CraftBukkit version git-Spigot-94af569-a3fdef8 (MC: 1.14.4) (Implementing API version 1.14.4-R0.1-SNAPSHOT)
[15:09:48] [Server thread/INFO]: Debug logging is disabled
[15:09:48] [Server thread/INFO]: Using 4 threads for Netty based IO
[15:09:48] [Server thread/INFO]: Server Ping Player Sample Count: 12
[15:09:48] [Server thread/INFO]: Default game type: SURVIVAL
[15:09:48] [Server thread/INFO]: Generating keypair
[15:09:49] [Server thread/INFO]: Starting Minecraft server on 127.0.0.1:25565
[15:09:49] [Server thread/INFO]: Using default channel type
[15:09:55] [Server thread/INFO]: [mcMMO] Loading mcMMO v2.1.108
[15:09:55] [Server thread/INFO]: [Tokens] Loading Tokens v1.0.1
[15:09:55] [Server thread/INFO]: Preparing level "world"
[15:09:56] [Server thread/INFO]: Reloading ResourceManager: Default, bukkit
[15:09:56] [Server thread/INFO]: Loaded 6 recipes
[15:09:57] [Server thread/INFO]: -------- World Settings For [world] --------
[15:09:57] [Server thread/INFO]: Mob Spawn Range: 6
[15:09:57] [Server thread/INFO]: Experience Merge Radius: 3.0
[15:09:57] [Server thread/INFO]: Hopper Transfer: 8 Hopper Check: 1 Hopper Amount: 1
[15:09:57] [Server thread/INFO]: Entity Tracking Range: Pl 48 / An 48 / Mo 48 / Mi 32 / Other 64
[15:09:57] [Server thread/INFO]: Entity Activation Range: An 32 / Mo 32 / Ra 48 / Mi 16 / Tiv true
[15:09:57] [Server thread/INFO]: Cactus Growth Modifier: 100%
[15:09:57] [Server thread/INFO]: Cane Growth Modifier: 100%
[15:09:57] [Server thread/INFO]: Melon Growth Modifier: 100%
[15:09:57] [Server thread/INFO]: Mushroom Growth Modifier: 100%
[15:09:57] [Server thread/INFO]: Pumpkin Growth Modifier: 100%
[15:09:57] [Server thread/INFO]: Sapling Growth Modifier: 100%
[15:09:57] [Server thread/INFO]: Beetroot Growth Modifier: 100%
[15:09:57] [Server thread/INFO]: Carrot Growth Modifier: 100%
[15:09:57] [Server thread/INFO]: Potato Growth Modifier: 100%
[15:09:57] [Server thread/INFO]: Wheat Growth Modifier: 100%
[15:09:57] [Server thread/INFO]: NetherWart Growth Modifier: 100%
[15:09:57] [Server thread/INFO]: Vine Growth Modifier: 100%
[15:09:57] [Server thread/INFO]: Cocoa Growth Modifier: 100%
[15:09:57] [Server thread/INFO]: Bamboo Growth Modifier: 100%
[15:09:57] [Server thread/INFO]: SweetBerry Growth Modifier: 100%
[15:09:57] [Server thread/INFO]: Kelp Growth Modifier: 100%
[15:09:57] [Server thread/INFO]: View Distance: 10
[15:09:57] [Server thread/INFO]: Nerfing mobs spawned from spawners: false
[15:09:57] [Server thread/INFO]: Arrow Despawn Rate: 1200
[15:09:57] [Server thread/INFO]: Allow Zombie Pigmen to spawn from portal blocks: true
[15:09:57] [Server thread/INFO]: Zombie Aggressive Towards Villager: true
[15:09:57] [Server thread/INFO]: Max TNT Explosions: 100
[15:09:57] [Server thread/INFO]: Tile Max Tick Time: 50ms Entity max Tick Time: 50ms
[15:09:57] [Server thread/INFO]: Item Despawn Rate: 6000
[15:09:57] [Server thread/INFO]: Item Merge Radius: 2.5
[15:09:57] [Server thread/INFO]: Custom Map Seeds:  Village: 10387312 Desert: 14357617 Igloo: 14357618 Jungle: 14357619 Swamp: 14357620 Monument: 10387313Ocean: 14357621 Shipwreck: 165745295 Slime: 987234911
[15:09:58] [Server thread/INFO]: -------- World Settings For [world_nether] --------
[15:09:58] [Server thread/INFO]: Mob Spawn Range: 6
[15:09:58] [Server thread/INFO]: Experience Merge Radius: 3.0
[15:09:58] [Server thread/INFO]: Hopper Transfer: 8 Hopper Check: 1 Hopper Amount: 1
[15:09:58] [Server thread/INFO]: Entity Tracking Range: Pl 48 / An 48 / Mo 48 / Mi 32 / Other 64
[15:09:58] [Server thread/INFO]: Entity Activation Range: An 32 / Mo 32 / Ra 48 / Mi 16 / Tiv true
[15:09:58] [Server thread/INFO]: Cactus Growth Modifier: 100%
[15:09:58] [Server thread/INFO]: Cane Growth Modifier: 100%
[15:09:58] [Server thread/INFO]: Melon Growth Modifier: 100%
[15:09:58] [Server thread/INFO]: Mushroom Growth Modifier: 100%
[15:09:58] [Server thread/INFO]: Pumpkin Growth Modifier: 100%
[15:09:58] [Server thread/INFO]: Sapling Growth Modifier: 100%
[15:09:58] [Server thread/INFO]: Beetroot Growth Modifier: 100%
[15:09:58] [Server thread/INFO]: Carrot Growth Modifier: 100%
[15:09:58] [Server thread/INFO]: Potato Growth Modifier: 100%
[15:09:58] [Server thread/INFO]: Wheat Growth Modifier: 100%
[15:09:58] [Server thread/INFO]: NetherWart Growth Modifier: 100%
[15:09:58] [Server thread/INFO]: Vine Growth Modifier: 100%
[15:09:58] [Server thread/INFO]: Cocoa Growth Modifier: 100%
[15:09:58] [Server thread/INFO]: Bamboo Growth Modifier: 100%
[15:09:58] [Server thread/INFO]: SweetBerry Growth Modifier: 100%
[15:09:58] [Server thread/INFO]: Kelp Growth Modifier: 100%
[15:09:58] [Server thread/INFO]: View Distance: 10
[15:09:58] [Server thread/INFO]: Nerfing mobs spawned from spawners: false
[15:09:58] [Server thread/INFO]: Arrow Despawn Rate: 1200
[15:09:58] [Server thread/INFO]: Allow Zombie Pigmen to spawn from portal blocks: true
[15:09:58] [Server thread/INFO]: Zombie Aggressive Towards Villager: true
[15:09:58] [Server thread/INFO]: Max TNT Explosions: 100
[15:09:58] [Server thread/INFO]: Tile Max Tick Time: 50ms Entity max Tick Time: 50ms
[15:09:58] [Server thread/INFO]: Item Despawn Rate: 6000
[15:09:58] [Server thread/INFO]: Item Merge Radius: 2.5
[15:09:58] [Server thread/INFO]: Custom Map Seeds:  Village: 10387312 Desert: 14357617 Igloo: 14357618 Jungle: 14357619 Swamp: 14357620 Monument: 10387313Ocean: 14357621 Shipwreck: 165745295 Slime: 987234911
[15:09:58] [Server thread/INFO]: -------- World Settings For [world_the_end] --------
[15:09:58] [Server thread/INFO]: Mob Spawn Range: 6
[15:09:58] [Server thread/INFO]: Experience Merge Radius: 3.0
[15:09:58] [Server thread/INFO]: Hopper Transfer: 8 Hopper Check: 1 Hopper Amount: 1
[15:09:58] [Server thread/INFO]: Entity Tracking Range: Pl 48 / An 48 / Mo 48 / Mi 32 / Other 64
[15:09:58] [Server thread/INFO]: Entity Activation Range: An 32 / Mo 32 / Ra 48 / Mi 16 / Tiv true
[15:09:58] [Server thread/INFO]: Cactus Growth Modifier: 100%
[15:09:58] [Server thread/INFO]: Cane Growth Modifier: 100%
[15:09:58] [Server thread/INFO]: Melon Growth Modifier: 100%
[15:09:58] [Server thread/INFO]: Mushroom Growth Modifier: 100%
[15:09:58] [Server thread/INFO]: Pumpkin Growth Modifier: 100%
[15:09:58] [Server thread/INFO]: Sapling Growth Modifier: 100%
[15:09:58] [Server thread/INFO]: Beetroot Growth Modifier: 100%
[15:09:58] [Server thread/INFO]: Carrot Growth Modifier: 100%
[15:09:58] [Server thread/INFO]: Potato Growth Modifier: 100%
[15:09:58] [Server thread/INFO]: Wheat Growth Modifier: 100%
[15:09:58] [Server thread/INFO]: NetherWart Growth Modifier: 100%
[15:09:58] [Server thread/INFO]: Vine Growth Modifier: 100%
[15:09:58] [Server thread/INFO]: Cocoa Growth Modifier: 100%
[15:09:58] [Server thread/INFO]: Bamboo Growth Modifier: 100%
[15:09:58] [Server thread/INFO]: SweetBerry Growth Modifier: 100%
[15:09:58] [Server thread/INFO]: Kelp Growth Modifier: 100%
[15:09:58] [Server thread/INFO]: View Distance: 10
[15:09:58] [Server thread/INFO]: Nerfing mobs spawned from spawners: false
[15:09:58] [Server thread/INFO]: Arrow Despawn Rate: 1200
[15:09:58] [Server thread/INFO]: Allow Zombie Pigmen to spawn from portal blocks: true
[15:09:58] [Server thread/INFO]: Zombie Aggressive Towards Villager: true
[15:09:58] [Server thread/INFO]: Max TNT Explosions: 100
[15:09:58] [Server thread/INFO]: Tile Max Tick Time: 50ms Entity max Tick Time: 50ms
[15:09:58] [Server thread/INFO]: Item Despawn Rate: 6000
[15:09:58] [Server thread/INFO]: Item Merge Radius: 2.5
[15:09:58] [Server thread/INFO]: Custom Map Seeds:  Village: 10387312 Desert: 14357617 Igloo: 14357618 Jungle: 14357619 Swamp: 14357620 Monument: 10387313Ocean: 14357621 Shipwreck: 165745295 Slime: 987234911
[15:09:58] [Server thread/INFO]: Preparing start region for dimension 'world'/minecraft:overworld
[15:09:59] [Server thread/INFO]: Preparing spawn area: 0%
[15:09:59] [Server thread/INFO]: Preparing spawn area: 0%
[15:09:59] [Server thread/INFO]: Preparing spawn area: 0%
[15:09:59] [Server thread/INFO]: Time elapsed: 1494 ms
[15:09:59] [Server thread/INFO]: Preparing start region for dimension 'world_nether'/minecraft:the_nether
[15:10:00] [Server thread/INFO]: Preparing spawn area: 0%
[15:10:00] [Server thread/INFO]: Preparing spawn area: 0%
[15:10:00] [Server-Worker-7/INFO]: Preparing spawn area: 83%
[15:10:01] [Server-Worker-1/INFO]: Preparing spawn area: 83%
[15:10:01] [Server-Worker-6/INFO]: Preparing spawn area: 83%
[15:10:02] [Server-Worker-1/INFO]: Preparing spawn area: 85%
[15:10:02] [Server-Worker-1/INFO]: Preparing spawn area: 96%
[15:10:02] [Server thread/INFO]: Time elapsed: 3158 ms
[15:10:02] [Server thread/INFO]: Preparing start region for dimension 'world_the_end'/minecraft:the_end
[15:10:03] [Server thread/INFO]: Preparing spawn area: 0%
[15:10:03] [Server-Worker-7/INFO]: Preparing spawn area: 83%
[15:10:03] [Server-Worker-4/INFO]: Preparing spawn area: 83%
[15:10:04] [Server thread/INFO]: Time elapsed: 1247 ms
[15:10:04] [Server thread/INFO]: [mcMMO] Enabling mcMMO v2.1.108
[15:10:05] [Server thread/INFO]: [mcMMO] enabling Acrobatics Skills
[15:10:05] [Server thread/INFO]: [mcMMO] registered subskill: Roll
[15:10:05] [Server thread/INFO]: [mcMMO] 0 entries in mcMMO World Blacklist
[15:10:05] [Server thread/INFO]: [Tokens] Enabling Tokens v1.0.1
[15:10:06] [Server thread/INFO]: [Tokens] Factions was not found
[15:10:06] [Server thread/INFO]: [Tokens] Hooked into mcMMO
[15:10:06] [Server thread/INFO]: Enabling commands
[15:10:06] [Server thread/INFO]: Server permissions file permissions.yml is empty, ignoring it
[15:10:06] [Server thread/INFO]: Done (10.237s)! For help, type "help"
[15:10:06] [User Authenticator #1/INFO]: UUID of player PapaL0ngDong is 19d76b37-6a15-432c-b8f6-780066b184ce
[15:10:07] [Server thread/INFO]: Welcome to the server PapaL0ngDong!
[15:10:07] [Server thread/INFO]: [Tokens] Got it from database!
[15:10:07] [Server thread/INFO]: PapaL0ngDong[/127.0.0.1:52694] logged in with entity id 122 at ([world]-43.82872831248625, 76.0, 442.94027847925827)
[15:11:33] [Server thread/INFO]: PapaL0ngDong issued server command: /tokens
[15:11:33] [Server thread/INFO]: [Tokens] Got it from database!
[15:11:40] [Server thread/INFO]: PapaL0ngDong issued server command: /redeem
[15:11:42] [Server thread/INFO]: PapaL0ngDong issued server command: /redeem mcmmo
[15:11:45] [Server thread/INFO]: PapaL0ngDong issued server command: /redeem mcmmo acrobatics 10
[15:11:45] [Server thread/INFO]: [Tokens] Got it from database!
[15:11:45] [Server thread/INFO]: [Tokens] Got it from database!
[15:11:47] [Server thread/INFO]: PapaL0ngDong issued server command: /tokens
[15:11:47] [Server thread/INFO]: [Tokens] Got it from database!
[15:11:49] [Server thread/INFO]: PapaL0ngDong issued server command: /tokens
[15:11:49] [Server thread/INFO]: [Tokens] Got it from database!
[15:11:52] [Server thread/INFO]: PapaL0ngDong issued server command: /redeem mcmmo acrobatics 100
[15:11:52] [Server thread/INFO]: [Tokens] Got it from database!
[15:11:55] [Server thread/INFO]: PapaL0ngDong issued server command: /redeem mcmmo acrobatics 10
[15:11:55] [Server thread/INFO]: [Tokens] Got it from database!
[15:11:55] [Server thread/INFO]: [Tokens] Got it from database!
[15:11:56] [Server thread/INFO]: PapaL0ngDong issued server command: /tokens
[15:11:56] [Server thread/INFO]: [Tokens] Got it from database!
[15:12:25] [Server thread/INFO]: PapaL0ngDong issued server command: /redeem mcmmo acrobatics 10
[15:12:25] [Server thread/INFO]: [Tokens] Got it from database!
[15:12:25] [Server thread/INFO]: [Tokens] Got it from database!
[15:12:25] [Server thread/INFO]: [Tokens] Got it from database!
[15:12:26] [Server thread/INFO]: PapaL0ngDong issued server command: /tokens
[15:12:26] [Server thread/INFO]: [Tokens] Got it from database!
[15:12:27] [Server thread/INFO]: [mcMMO] WorldGuard was not detected.
[15:12:42] [Server thread/INFO]: PapaL0ngDong issued server command: /tokens
[15:12:42] [Server thread/INFO]: [Tokens] Got it from database!
[15:12:44] [Server thread/INFO]: PapaL0ngDong issued server command: /acrobatics
